<?xml version="1.0" encoding="UTF-8"?>
<!-- Generated by org.testng.reporters.JUnitReportReporter -->
<testsuite hostname="DSCHD-PC-CB-122" failures="0" tests="1" name="com.RestApi.ComplexNestedJson" time="2.738" errors="0" timestamp="2022-10-12T12:23:56 IST" skipped="0">
  <testcase classname="com.RestApi.ComplexNestedJson" name="test" time="2.738"/>
  <system-out/>
</testsuite> <!-- com.RestApi.ComplexNestedJson -->
