<?xml version="1.0" encoding="UTF-8"?>
<!-- Generated by org.testng.reporters.JUnitReportReporter -->
<testsuite hostname="DSCHD-PC-CB-122" failures="0" tests="1" name="com.RestApi.JsonSchemaValidator" time="3.593" errors="0" timestamp="2022-09-21T11:04:10 IST" skipped="0">
  <testcase classname="com.RestApi.JsonSchemaValidator" name="schemaValidate" time="3.593"/>
  <system-out/>
</testsuite> <!-- com.RestApi.JsonSchemaValidator -->
