<?xml version="1.0" encoding="UTF-8"?>
<!-- Generated by org.testng.reporters.JUnitReportReporter -->
<testsuite hostname="DSCHD-PC-CB-122" failures="0" tests="1" name="com.RestApi.GetData" time="3.318" errors="0" timestamp="2022-10-06T11:35:51 IST" skipped="0">
  <testcase classname="com.RestApi.GetData" name="putData" time="3.318"/>
  <system-out/>
</testsuite> <!-- com.RestApi.GetData -->
