<?xml version="1.0" encoding="UTF-8"?>
<!-- Generated by org.testng.reporters.JUnitReportReporter -->
<testsuite hostname="DSCHD-PC-CB-122" failures="0" tests="1" name="com.RestApi.SoapApi" time="2.851" errors="0" timestamp="2022-10-07T12:18:02 IST" skipped="0">
  <testcase classname="com.RestApi.SoapApi" name="xmlSoapApi" time="2.851"/>
  <system-out/>
</testsuite> <!-- com.RestApi.SoapApi -->
