<?xml version="1.0" encoding="UTF-8"?>
<!-- Generated by org.testng.reporters.JUnitReportReporter -->
<testsuite hostname="DSCHD-PC-CB-122" failures="0" tests="1" name="com.RestApi.PostReqRes" time="2.757" errors="0" timestamp="2022-10-06T11:10:58 IST" skipped="0">
  <testcase classname="com.RestApi.PostReqRes" name="post" time="2.757"/>
  <system-out/>
</testsuite> <!-- com.RestApi.PostReqRes -->
