<?xml version="1.0" encoding="UTF-8"?>
<!-- Generated by org.testng.reporters.JUnitReportReporter -->
<testsuite hostname="DSCHD-PC-CB-122" failures="0" tests="1" name="com.RestApi.Rest_basics" time="4.113" errors="0" timestamp="2022-08-18T10:48:25 IST" skipped="0">
  <testcase classname="com.RestApi.Rest_basics" name="test" time="4.113"/>
  <system-out/>
</testsuite> <!-- com.RestApi.Rest_basics -->
