<?xml version="1.0" encoding="UTF-8"?>
<!-- Generated by org.testng.reporters.JUnitReportReporter -->
<testsuite hostname="DSCHD-PC-CB-122" failures="0" tests="1" name="com.RestApi.Practice" time="2.289" errors="0" timestamp="2022-08-18T10:48:50 IST" skipped="0">
  <testcase classname="com.RestApi.Practice" name="aman" time="2.289"/>
  <system-out/>
</testsuite> <!-- com.RestApi.Practice -->
