<?xml version="1.0" encoding="UTF-8"?>
<!-- Generated by org.testng.reporters.JUnitReportReporter -->
<testsuite hostname="DSCHD-PC-CB-122" failures="0" tests="1" name="com.DataDriven.CreateData" time="0.448" errors="0" timestamp="2022-10-06T11:11:32 IST" skipped="0">
  <testcase classname="com.DataDriven.CreateData" name="record" time="0.448"/>
  <system-out/>
</testsuite> <!-- com.DataDriven.CreateData -->
