<?xml version="1.0" encoding="UTF-8"?>
<!-- Generated by org.testng.reporters.JUnitReportReporter -->
<testsuite hostname="DSCHD-PC-CB-122" failures="0" tests="1" name="com.DataDriven.PostDataDriven" time="0.012" errors="0" timestamp="2022-09-14T13:58:50 IST" skipped="0">
  <testcase classname="com.DataDriven.PostDataDriven" name="driven" time="0.012"/>
  <system-out/>
</testsuite> <!-- com.DataDriven.PostDataDriven -->
