<?xml version="1.0" encoding="UTF-8"?>
<!-- Generated by org.testng.reporters.JUnitReportReporter -->
<testsuite hostname="DSCHD-PC-CB-122" failures="0" tests="1" name="com.RestApi.DynamicJson" time="6.127" errors="0" timestamp="2022-08-25T17:01:19 IST" skipped="0">
  <testcase classname="com.RestApi.DynamicJson" name="AddBook" time="6.127"/>
  <system-out/>
</testsuite> <!-- com.RestApi.DynamicJson -->
