<?xml version="1.0" encoding="UTF-8"?>
<!-- Generated by org.testng.reporters.JUnitReportReporter -->
<testsuite hostname="DSCHD-PC-CB-122" failures="0" tests="1" name="com.RestApi.Demo1" time="2.505" errors="0" timestamp="2022-10-06T11:16:35 IST" skipped="0">
  <testcase classname="com.RestApi.Demo1" name="test" time="2.505"/>
  <system-out/>
</testsuite> <!-- com.RestApi.Demo1 -->
